<?xml version="1.0" encoding="UTF-8"?>
<!-- Generated by org.testng.reporters.JUnitReportReporter -->
<testsuite hostname="DESKTOP-F9G1IRJ" failures="0" tests="7" name="session11.PartialDataProvider" time="0.038" errors="0" timestamp="2023-12-24T21:24:30 EST" skipped="0">
  <testcase classname="session11.PartialDataProvider" name="validateLogin" time="0.004"/>
  <testcase classname="session11.PartialDataProvider" name="useDataFromExcel" time="0.005"/>
  <testcase classname="session11.PartialDataProvider" name="useDataFromExcel" time="0.014"/>
  <testcase classname="session11.PartialDataProvider" name="validateLogin" time="0.005"/>
  <testcase classname="session11.PartialDataProvider" name="validateLogin" time="0.002"/>
  <testcase classname="session11.PartialDataProvider" name="useDataFromExcel" time="0.006"/>
  <testcase classname="session11.PartialDataProvider" name="validateLogin" time="0.002"/>
</testsuite> <!-- session11.PartialDataProvider -->
