<?xml version="1.0" encoding="UTF-8"?>
<!-- Generated by org.testng.reporters.JUnitReportReporter -->
<testsuite hostname="DESKTOP-F9G1IRJ" failures="0" tests="1" name="browser.ClassThree" time="0.027" errors="0" timestamp="2023-12-17T07:43:42 EST" skipped="0">
  <testcase classname="browser.ClassThree" name="amazonTest" time="0.027"/>
</testsuite> <!-- browser.ClassThree -->
