<?xml version="1.0" encoding="UTF-8"?>
<!-- Generated by org.testng.reporters.JUnitReportReporter -->
<testsuite hostname="DESKTOP-F9G1IRJ" failures="0" tests="3" name="session12.TestExcelDataProvider" time="0.020" errors="0" timestamp="2023-12-30T20:15:01 EST" skipped="0">
  <testcase classname="session12.TestExcelDataProvider" name="loginTest" time="0.013"/>
  <testcase classname="session12.TestExcelDataProvider" name="loginTest" time="0.002"/>
  <testcase classname="session12.TestExcelDataProvider" name="loginTest" time="0.005"/>
</testsuite> <!-- session12.TestExcelDataProvider -->
