<?xml version="1.0" encoding="UTF-8"?>
<!-- Generated by org.testng.reporters.JUnitReportReporter -->
<testsuite hostname="DESKTOP-F9G1IRJ" failures="0" tests="4" name="parallelExecution.TestClass1" time="0.044" errors="0" timestamp="2023-12-25T10:22:46 EST" skipped="0">
  <testcase classname="parallelExecution.TestClass1" name="testMethod3" time="0.017"/>
  <testcase classname="parallelExecution.TestClass1" name="testMethod4" time="0.003"/>
  <testcase classname="parallelExecution.TestClass1" name="testMethod2" time="0.003"/>
  <testcase classname="parallelExecution.TestClass1" name="testMethod1" time="0.021"/>
</testsuite> <!-- parallelExecution.TestClass1 -->
