<?xml version="1.0" encoding="UTF-8"?>
<!-- Generated by org.testng.reporters.JUnitReportReporter -->
<testsuite hostname="DESKTOP-F9G1IRJ" failures="0" tests="3" name="session11.DataProviderExample2" time="141.251" errors="0" timestamp="2023-12-24T02:16:11 EST" skipped="0">
  <testcase classname="session11.DataProviderExample2" name="siteTest" time="23.792"/>
  <testcase classname="session11.DataProviderExample2" name="siteTest" time="93.587"/>
  <testcase classname="session11.DataProviderExample2" name="siteTest" time="23.872"/>
</testsuite> <!-- session11.DataProviderExample2 -->
