<?xml version="1.0" encoding="UTF-8"?>
<!-- Generated by org.testng.reporters.JUnitReportReporter -->
<testsuite hostname="DESKTOP-F9G1IRJ" failures="0" tests="4" name="session11.DataproviderReturnType" time="0.024" errors="0" timestamp="2023-12-25T07:08:19 EST" skipped="0">
  <testcase classname="session11.DataproviderReturnType" name="testLogin" time="0.010"/>
  <testcase classname="session11.DataproviderReturnType" name="testLogin" time="0.005"/>
  <testcase classname="session11.DataproviderReturnType" name="testLogin" time="0.005"/>
  <testcase classname="session11.DataproviderReturnType" name="testLogin" time="0.004"/>
</testsuite> <!-- session11.DataproviderReturnType -->
