<?xml version="1.0" encoding="UTF-8"?>
<!-- Generated by org.testng.reporters.JUnitReportReporter -->
<testsuite hostname="DESKTOP-F9G1IRJ" failures="0" tests="2" name="session12.LoginTest" time="45.822" errors="0" timestamp="2024-01-03T23:12:19 EST" skipped="0">
  <testcase classname="session12.LoginTest" name="testLogin" time="25.762"/>
  <testcase classname="session12.LoginTest" name="testLogin" time="20.060"/>
</testsuite> <!-- session12.LoginTest -->
