<?xml version="1.0" encoding="UTF-8"?>
<!-- Generated by org.testng.reporters.JUnitReportReporter -->
<testsuite hostname="DESKTOP-F9G1IRJ" failures="0" tests="7" name="session10.OrangeHRMParameters" time="24.775" errors="0" timestamp="2023-12-20T21:29:59 EST" skipped="0">
  <testcase classname="session10.OrangeHRMParameters" name="navigateToMyInfo" time="1.549"/>
  <testcase classname="session10.OrangeHRMParameters" name="launchApp" time="4.576"/>
  <testcase classname="session10.OrangeHRMParameters" name="enterLoginDetails" time="8.075"/>
  <testcase classname="session10.OrangeHRMParameters" name="verifyLogin" time="0.374"/>
  <testcase classname="session10.OrangeHRMParameters" name="launchApp" time="3.305"/>
  <testcase classname="session10.OrangeHRMParameters" name="enterLoginDetails" time="6.474"/>
  <testcase classname="session10.OrangeHRMParameters" name="verifyMyInfo" time="0.422"/>
</testsuite> <!-- session10.OrangeHRMParameters -->
