<?xml version="1.0" encoding="UTF-8"?>
<!-- Generated by org.testng.reporters.JUnitReportReporter -->
<testsuite hostname="DESKTOP-F9G1IRJ" failures="0" tests="1" name="session9.FacebookValidation" time="8.752" errors="0" timestamp="2023-12-22T17:30:27 EST" skipped="0">
  <testcase classname="session9.FacebookValidation" name="facebookLogin" time="8.752"/>
</testsuite> <!-- session9.FacebookValidation -->
