<?xml version="1.0" encoding="UTF-8"?>
<!-- Generated by org.testng.reporters.JUnitReportReporter -->
<testsuite hostname="DESKTOP-F9G1IRJ" failures="0" tests="3" name="session11.DataProviderTest" time="0.020" errors="0" timestamp="2023-12-24T02:18:08 EST" skipped="0">
  <testcase classname="session11.DataProviderTest" name="loginTest" time="0.011"/>
  <testcase classname="session11.DataProviderTest" name="loginTest" time="0.005"/>
  <testcase classname="session11.DataProviderTest" name="loginTest" time="0.004"/>
</testsuite> <!-- session11.DataProviderTest -->
