<?xml version="1.0" encoding="UTF-8"?>
<!-- Generated by org.testng.reporters.JUnitReportReporter -->
<testsuite hostname="DESKTOP-F9G1IRJ" failures="0" tests="1" name="com.smart.groups.TestClass" time="13.118" errors="0" timestamp="2023-12-24T06:31:49 EST" skipped="0">
  <testcase classname="com.smart.groups.TestClass" name="testOrangeHRM" time="13.118"/>
</testsuite> <!-- com.smart.groups.TestClass -->
