<?xml version="1.0" encoding="UTF-8"?>
<!-- Generated by org.testng.reporters.JUnitReportReporter -->
<testsuite hostname="DESKTOP-F9G1IRJ" failures="0" tests="4" name="session11.TestAttributes" time="66.576" errors="0" timestamp="2023-12-25T11:00:16 EST" skipped="0">
  <testcase classname="session11.TestAttributes" name="testmethod1" time="16.871"/>
  <testcase classname="session11.TestAttributes" name="testmethod1" time="16.915"/>
  <testcase classname="session11.TestAttributes" name="testmethod1" time="16.272"/>
  <testcase classname="session11.TestAttributes" name="testmethod1" time="16.518"/>
</testsuite> <!-- session11.TestAttributes -->
