<?xml version="1.0" encoding="UTF-8"?>
<!-- Generated by org.testng.reporters.JUnitReportReporter -->
<testsuite hostname="DESKTOP-F9G1IRJ" failures="0" tests="1" name="parallelExecution.TestClass2" time="0.014" errors="0" timestamp="2023-12-26T20:45:52 EST" skipped="0">
  <testcase classname="parallelExecution.TestClass2" name="testMethod7" time="0.014"/>
</testsuite> <!-- parallelExecution.TestClass2 -->
