<?xml version="1.0" encoding="UTF-8"?>
<!-- Generated by org.testng.reporters.JUnitReportReporter -->
<testsuite hostname="DESKTOP-F9G1IRJ" failures="0" tests="8" name="parallelExecution.TestClass3" time="0.044" errors="0" timestamp="2023-12-25T10:22:46 EST" skipped="0">
  <testcase classname="parallelExecution.TestClass3" name="testMethod8" time="0.004"/>
  <testcase classname="parallelExecution.TestClass3" name="testMethod10" time="0.010"/>
  <testcase classname="parallelExecution.TestClass3" name="testMethod9" time="0.002"/>
  <testcase classname="parallelExecution.TestClass3" name="testMethod9" time="0.012"/>
  <testcase classname="parallelExecution.TestClass3" name="testMethod8" time="0.004"/>
  <testcase classname="parallelExecution.TestClass3" name="testMethod11" time="0.005"/>
  <testcase classname="parallelExecution.TestClass3" name="testMethod11" time="0.006"/>
  <testcase classname="parallelExecution.TestClass3" name="testMethod10" time="0.001"/>
</testsuite> <!-- parallelExecution.TestClass3 -->
