<?xml version="1.0" encoding="UTF-8"?>
<!-- Generated by org.testng.reporters.JUnitReportReporter -->
<testsuite hostname="DESKTOP-F9G1IRJ" failures="0" tests="3" name="browser.ClassTwo" time="0.030" errors="0" timestamp="2023-12-17T08:04:40 EST" skipped="0">
  <testcase classname="browser.ClassTwo" name="LaunchApp" time="0.025"/>
  <testcase classname="browser.ClassTwo" name="VerifyLogin" time="0.002"/>
  <testcase classname="browser.ClassTwo" name="EnterLoginDetails" time="0.003"/>
</testsuite> <!-- browser.ClassTwo -->
