<?xml version="1.0" encoding="UTF-8"?>
<!-- Generated by org.testng.reporters.JUnitReportReporter -->
<testsuite hostname="DESKTOP-F9G1IRJ" failures="0" tests="2" name="browser.ClassOne" time="0.012" errors="0" timestamp="2023-12-17T08:04:40 EST" skipped="0">
  <testcase classname="browser.ClassOne" name="googleTest" time="0.003"/>
  <testcase classname="browser.ClassOne" name="facebookTest" time="0.009"/>
</testsuite> <!-- browser.ClassOne -->
